<?xml version="1.0" encoding="UTF-8"?>
<coverage generated="1752261938849" clover="3.2.0">
  <project timestamp="1752261938850" name="All files">
    <metrics statements="19" coveredstatements="9" conditionals="28" coveredconditionals="11" methods="12" coveredmethods="3" elements="59" coveredelements="23" complexity="0" loc="19" ncloc="19" packages="1" files="1" classes="1"/>
    <file name="ProtectedPage.jsx" path="C:\Users\Ulise\Documents\Portafolio_Ulises\PruebaTecnica2\la-tienda-de-don-ramon\src\components\ProtectedPage.jsx">
      <metrics statements="19" coveredstatements="9" conditionals="28" coveredconditionals="11" methods="12" coveredmethods="3"/>
      <line num="11" count="2" type="stmt"/>
      <line num="23" count="2" type="stmt"/>
      <line num="24" count="2" type="stmt"/>
      <line num="25" count="2" type="stmt"/>
      <line num="27" count="2" type="stmt"/>
      <line num="28" count="0" type="stmt"/>
      <line num="29" count="0" type="stmt"/>
      <line num="32" count="2" type="cond" truecount="1" falsecount="1"/>
      <line num="33" count="0" type="stmt"/>
      <line num="36" count="2" type="stmt"/>
      <line num="52" count="0" type="stmt"/>
      <line num="64" count="0" type="stmt"/>
      <line num="68" count="4" type="stmt"/>
      <line num="79" count="0" type="stmt"/>
      <line num="95" count="0" type="stmt"/>
      <line num="101" count="0" type="stmt"/>
      <line num="129" count="4" type="stmt"/>
      <line num="141" count="0" type="stmt"/>
      <line num="150" count="0" type="stmt"/>
    </file>
  </project>
</coverage>
