{"C:\\Users\\Ulise\\Documents\\Portafolio_Ulises\\PruebaTecnica2\\la-tienda-de-don-ramon\\src\\components\\ProtectedPage.jsx": {"path":"C:\\Users\\Ulise\\Documents\\Portafolio_Ulises\\PruebaTecnica2\\la-tienda-de-don-ramon\\src\\components\\ProtectedPage.jsx","statementMap":{"0":{"start":{"line":11,"column":29},"end":{"line":11,"column":38}},"1":{"start":{"line":23,"column":8},"end":{"line":23,"column":21}},"2":{"start":{"line":24,"column":46},"end":{"line":24,"column":61}},"3":{"start":{"line":25,"column":21},"end":{"line":25,"column":34}},"4":{"start":{"line":27,"column":25},"end":{"line":30,"column":5}},"5":{"start":{"line":28,"column":8},"end":{"line":28,"column":17}},"6":{"start":{"line":29,"column":8},"end":{"line":29,"column":22}},"7":{"start":{"line":32,"column":30},"end":{"line":34,"column":18}},"8":{"start":{"line":33,"column":31},"end":{"line":33,"column":55}},"9":{"start":{"line":36,"column":4},"end":{"line":170,"column":6}},"10":{"start":{"line":52,"column":39},"end":{"line":52,"column":63}},"11":{"start":{"line":64,"column":37},"end":{"line":64,"column":77}},"12":{"start":{"line":68,"column":20},"end":{"line":70,"column":29}},"13":{"start":{"line":79,"column":37},"end":{"line":79,"column":73}},"14":{"start":{"line":95,"column":37},"end":{"line":95,"column":75}},"15":{"start":{"line":101,"column":35},"end":{"line":101,"column":67}},"16":{"start":{"line":129,"column":24},"end":{"line":134,"column":26}},"17":{"start":{"line":141,"column":43},"end":{"line":141,"column":81}},"18":{"start":{"line":150,"column":43},"end":{"line":150,"column":81}}},"fnMap":{"0":{"name":"ProtectedPage","decl":{"start":{"line":10,"column":13},"end":{"line":10,"column":26}},"loc":{"start":{"line":10,"column":29},"end":{"line":171,"column":5}},"line":10},"1":{"name":"(anonymous_1)","decl":{"start":{"line":27,"column":25},"end":{"line":27,"column":26}},"loc":{"start":{"line":27,"column":31},"end":{"line":30,"column":5}},"line":27},"2":{"name":"(anonymous_2)","decl":{"start":{"line":33,"column":26},"end":{"line":33,"column":27}},"loc":{"start":{"line":33,"column":31},"end":{"line":33,"column":55}},"line":33},"3":{"name":"(anonymous_3)","decl":{"start":{"line":52,"column":33},"end":{"line":52,"column":34}},"loc":{"start":{"line":52,"column":39},"end":{"line":52,"column":63}},"line":52},"4":{"name":"(anonymous_4)","decl":{"start":{"line":64,"column":30},"end":{"line":64,"column":31}},"loc":{"start":{"line":64,"column":37},"end":{"line":64,"column":77}},"line":64},"5":{"name":"(anonymous_5)","decl":{"start":{"line":67,"column":36},"end":{"line":67,"column":37}},"loc":{"start":{"line":68,"column":20},"end":{"line":70,"column":29}},"line":68},"6":{"name":"(anonymous_6)","decl":{"start":{"line":79,"column":30},"end":{"line":79,"column":31}},"loc":{"start":{"line":79,"column":37},"end":{"line":79,"column":73}},"line":79},"7":{"name":"(anonymous_7)","decl":{"start":{"line":95,"column":30},"end":{"line":95,"column":31}},"loc":{"start":{"line":95,"column":37},"end":{"line":95,"column":75}},"line":95},"8":{"name":"(anonymous_8)","decl":{"start":{"line":101,"column":29},"end":{"line":101,"column":30}},"loc":{"start":{"line":101,"column":35},"end":{"line":101,"column":67}},"line":101},"9":{"name":"(anonymous_9)","decl":{"start":{"line":128,"column":47},"end":{"line":128,"column":48}},"loc":{"start":{"line":129,"column":24},"end":{"line":134,"column":26}},"line":129},"10":{"name":"(anonymous_10)","decl":{"start":{"line":141,"column":37},"end":{"line":141,"column":38}},"loc":{"start":{"line":141,"column":43},"end":{"line":141,"column":81}},"line":141},"11":{"name":"(anonymous_11)","decl":{"start":{"line":150,"column":37},"end":{"line":150,"column":38}},"loc":{"start":{"line":150,"column":43},"end":{"line":150,"column":81}},"line":150}},"branchMap":{"0":{"loc":{"start":{"line":32,"column":30},"end":{"line":34,"column":18}},"type":"cond-expr","locations":[{"start":{"line":33,"column":10},"end":{"line":33,"column":56}},{"start":{"line":34,"column":10},"end":{"line":34,"column":18}}],"line":32},"1":{"loc":{"start":{"line":41,"column":29},"end":{"line":41,"column":50}},"type":"binary-expr","locations":[{"start":{"line":41,"column":29},"end":{"line":41,"column":39}},{"start":{"line":41,"column":43},"end":{"line":41,"column":50}}],"line":41},"2":{"loc":{"start":{"line":47,"column":9},"end":{"line":168,"column":9}},"type":"cond-expr","locations":[{"start":{"line":48,"column":12},"end":{"line":56,"column":18}},{"start":{"line":58,"column":12},"end":{"line":167,"column":15}}],"line":47},"3":{"loc":{"start":{"line":102,"column":31},"end":{"line":102,"column":64}},"type":"cond-expr","locations":[{"start":{"line":102,"column":47},"end":{"line":102,"column":59}},{"start":{"line":102,"column":62},"end":{"line":102,"column":64}}],"line":102},"4":{"loc":{"start":{"line":104,"column":21},"end":{"line":104,"column":70}},"type":"cond-expr","locations":[{"start":{"line":104,"column":37},"end":{"line":104,"column":52}},{"start":{"line":104,"column":55},"end":{"line":104,"column":70}}],"line":104},"5":{"loc":{"start":{"line":105,"column":21},"end":{"line":105,"column":69}},"type":"binary-expr","locations":[{"start":{"line":105,"column":21},"end":{"line":105,"column":41}},{"start":{"line":105,"column":45},"end":{"line":105,"column":69}}],"line":105},"6":{"loc":{"start":{"line":110,"column":13},"end":{"line":166,"column":13}},"type":"cond-expr","locations":[{"start":{"line":111,"column":16},"end":{"line":114,"column":22}},{"start":{"line":116,"column":16},"end":{"line":165,"column":19}}],"line":110},"7":{"loc":{"start":{"line":117,"column":17},"end":{"line":164,"column":17}},"type":"cond-expr","locations":[{"start":{"line":118,"column":20},"end":{"line":124,"column":26}},{"start":{"line":126,"column":20},"end":{"line":163,"column":23}}],"line":117},"8":{"loc":{"start":{"line":120,"column":24},"end":{"line":122,"column":101}},"type":"cond-expr","locations":[{"start":{"line":121,"column":26},"end":{"line":121,"column":95}},{"start":{"line":122,"column":26},"end":{"line":122,"column":101}}],"line":120},"9":{"loc":{"start":{"line":138,"column":21},"end":{"line":156,"column":21}},"type":"binary-expr","locations":[{"start":{"line":138,"column":21},"end":{"line":138,"column":35}},{"start":{"line":138,"column":39},"end":{"line":138,"column":53}},{"start":{"line":139,"column":24},"end":{"line":155,"column":30}}],"line":138},"10":{"loc":{"start":{"line":158,"column":21},"end":{"line":162,"column":21}},"type":"binary-expr","locations":[{"start":{"line":158,"column":21},"end":{"line":158,"column":34}},{"start":{"line":158,"column":38},"end":{"line":158,"column":58}},{"start":{"line":159,"column":24},"end":{"line":161,"column":30}}],"line":158},"11":{"loc":{"start":{"line":160,"column":59},"end":{"line":160,"column":92}},"type":"cond-expr","locations":[{"start":{"line":160,"column":84},"end":{"line":160,"column":87}},{"start":{"line":160,"column":90},"end":{"line":160,"column":92}}],"line":160},"12":{"loc":{"start":{"line":160,"column":103},"end":{"line":160,"column":136}},"type":"cond-expr","locations":[{"start":{"line":160,"column":128},"end":{"line":160,"column":131}},{"start":{"line":160,"column":134},"end":{"line":160,"column":136}}],"line":160}},"s":{"0":2,"1":2,"2":2,"3":2,"4":2,"5":0,"6":0,"7":2,"8":0,"9":2,"10":0,"11":0,"12":4,"13":0,"14":0,"15":0,"16":4,"17":0,"18":0},"f":{"0":2,"1":0,"2":0,"3":0,"4":0,"5":4,"6":0,"7":0,"8":0,"9":4,"10":0,"11":0},"b":{"0":[0,2],"1":[2,0],"2":[0,2],"3":[0,2],"4":[0,2],"5":[2,0],"6":[0,2],"7":[0,2],"8":[0,0],"9":[2,2,0],"10":[2,0,0],"11":[0,0],"12":[0,0]},"_coverageSchema":"1a1c01bbd47fc00a2c39e90264f33305004495a9","hash":"29500cc32dcfd3f3c569701ea2059f11560955ea"}
}
