TN:
SF:src\components\ProtectedPage.jsx
FN:10,ProtectedPage
FN:27,(anonymous_1)
FN:33,(anonymous_2)
FN:52,(anonymous_3)
FN:64,(anonymous_4)
FN:67,(anonymous_5)
FN:79,(anonymous_6)
FN:95,(anonymous_7)
FN:101,(anonymous_8)
FN:128,(anonymous_9)
FN:141,(anonymous_10)
FN:150,(anonymous_11)
FNF:12
FNH:3
FNDA:2,ProtectedPage
FNDA:0,(anonymous_1)
FNDA:0,(anonymous_2)
FNDA:0,(anonymous_3)
FNDA:0,(anonymous_4)
FNDA:4,(anonymous_5)
FNDA:0,(anonymous_6)
FNDA:0,(anonymous_7)
FNDA:0,(anonymous_8)
FNDA:4,(anonymous_9)
FNDA:0,(anonymous_10)
FNDA:0,(anonymous_11)
DA:11,2
DA:23,2
DA:24,2
DA:25,2
DA:27,2
DA:28,0
DA:29,0
DA:32,2
DA:33,0
DA:36,2
DA:52,0
DA:64,0
DA:68,4
DA:79,0
DA:95,0
DA:101,0
DA:129,4
DA:141,0
DA:150,0
LF:19
LH:9
BRDA:32,0,0,0
BRDA:32,0,1,2
BRDA:41,1,0,2
BRDA:41,1,1,0
BRDA:47,2,0,0
BRDA:47,2,1,2
BRDA:102,3,0,0
BRDA:102,3,1,2
BRDA:104,4,0,0
BRDA:104,4,1,2
BRDA:105,5,0,2
BRDA:105,5,1,0
BRDA:110,6,0,0
BRDA:110,6,1,2
BRDA:117,7,0,0
BRDA:117,7,1,2
BRDA:120,8,0,0
BRDA:120,8,1,0
BRDA:138,9,0,2
BRDA:138,9,1,2
BRDA:138,9,2,0
BRDA:158,10,0,2
BRDA:158,10,1,0
BRDA:158,10,2,0
BRDA:160,11,0,0
BRDA:160,11,1,0
BRDA:160,12,0,0
BRDA:160,12,1,0
BRF:28
BRH:11
end_of_record
