<?xml version="1.0" encoding="UTF-8"?>
<coverage generated="1752262119100" clover="3.2.0">
  <project timestamp="1752262119101" name="All files">
    <metrics statements="17" coveredstatements="14" conditionals="23" coveredconditionals="19" methods="4" coveredmethods="3" elements="44" coveredelements="36" complexity="0" loc="17" ncloc="17" packages="1" files="2" classes="2"/>
    <file name="LoadingSpinner.jsx" path="C:\Users\Ulise\Documents\Portafolio_Ulises\PruebaTecnica2\la-tienda-de-don-ramon\src\components\LoadingSpinner.jsx">
      <metrics statements="1" coveredstatements="0" conditionals="1" coveredconditionals="0" methods="1" coveredmethods="0"/>
      <line num="6" count="0" type="stmt"/>
    </file>
    <file name="Login.jsx" path="C:\Users\Ulise\Documents\Portafolio_Ulises\PruebaTecnica2\la-tienda-de-don-ramon\src\components\Login.jsx">
      <metrics statements="16" coveredstatements="14" conditionals="22" coveredconditionals="19" methods="3" coveredmethods="3"/>
      <line num="12" count="1" type="stmt"/>
      <line num="18" count="14" type="stmt"/>
      <line num="19" count="14" type="stmt"/>
      <line num="20" count="14" type="stmt"/>
      <line num="26" count="14" type="stmt"/>
      <line num="31" count="14" type="stmt"/>
      <line num="32" count="4" type="cond" truecount="2" falsecount="2"/>
      <line num="33" count="0" type="stmt"/>
      <line num="37" count="14" type="stmt"/>
      <line num="38" count="2" type="stmt"/>
      <line num="39" count="2" type="cond" truecount="2" falsecount="0"/>
      <line num="40" count="1" type="stmt"/>
      <line num="42" count="1" type="stmt"/>
      <line num="46" count="14" type="cond" truecount="3" falsecount="1"/>
      <line num="47" count="0" type="stmt"/>
      <line num="50" count="14" type="stmt"/>
    </file>
  </project>
</coverage>
