{"C:\\Users\\Ulise\\Documents\\Portafolio_Ulises\\PruebaTecnica2\\la-tienda-de-don-ramon\\src\\components\\LoadingSpinner.jsx": {"path":"C:\\Users\\Ulise\\Documents\\Portafolio_Ulises\\PruebaTecnica2\\la-tienda-de-don-ramon\\src\\components\\LoadingSpinner.jsx","statementMap":{"0":{"start":{"line":6,"column":4},"end":{"line":11,"column":6}}},"fnMap":{"0":{"name":"LoadingSpinner","decl":{"start":{"line":5,"column":13},"end":{"line":5,"column":27}},"loc":{"start":{"line":5,"column":57},"end":{"line":12,"column":5}},"line":5}},"branchMap":{"0":{"loc":{"start":{"line":5,"column":30},"end":{"line":5,"column":53}},"type":"default-arg","locations":[{"start":{"line":5,"column":40},"end":{"line":5,"column":53}}],"line":5}},"s":{"0":0},"f":{"0":0},"b":{"0":[0]},"_coverageSchema":"1a1c01bbd47fc00a2c39e90264f33305004495a9","hash":"957a10959c680610715e95ecd2291242e3973369"}
,"C:\\Users\\Ulise\\Documents\\Portafolio_Ulises\\PruebaTecnica2\\la-tienda-de-don-ramon\\src\\components\\Login.jsx": {"path":"C:\\Users\\Ulise\\Documents\\Portafolio_Ulises\\PruebaTecnica2\\la-tienda-de-don-ramon\\src\\components\\Login.jsx","statementMap":{"0":{"start":{"line":12,"column":19},"end":{"line":15,"column":17}},"1":{"start":{"line":18,"column":41},"end":{"line":18,"column":50}},"2":{"start":{"line":19,"column":21},"end":{"line":19,"column":34}},"3":{"start":{"line":20,"column":40},"end":{"line":20,"column":61}},"4":{"start":{"line":26,"column":8},"end":{"line":28,"column":6}},"5":{"start":{"line":31,"column":4},"end":{"line":35,"column":38}},"6":{"start":{"line":32,"column":8},"end":{"line":34,"column":9}},"7":{"start":{"line":33,"column":8},"end":{"line":33,"column":31}},"8":{"start":{"line":37,"column":21},"end":{"line":44,"column":5}},"9":{"start":{"line":38,"column":24},"end":{"line":38,"column":59}},"10":{"start":{"line":39,"column":8},"end":{"line":43,"column":9}},"11":{"start":{"line":40,"column":8},"end":{"line":40,"column":31}},"12":{"start":{"line":42,"column":8},"end":{"line":42,"column":28}},"13":{"start":{"line":46,"column":4},"end":{"line":48,"column":5}},"14":{"start":{"line":47,"column":8},"end":{"line":47,"column":34}},"15":{"start":{"line":50,"column":4},"end":{"line":96,"column":6}}},"fnMap":{"0":{"name":"Login","decl":{"start":{"line":17,"column":13},"end":{"line":17,"column":18}},"loc":{"start":{"line":17,"column":21},"end":{"line":97,"column":5}},"line":17},"1":{"name":"(anonymous_1)","decl":{"start":{"line":31,"column":14},"end":{"line":31,"column":15}},"loc":{"start":{"line":31,"column":20},"end":{"line":35,"column":5}},"line":31},"2":{"name":"(anonymous_2)","decl":{"start":{"line":37,"column":21},"end":{"line":37,"column":22}},"loc":{"start":{"line":37,"column":37},"end":{"line":44,"column":5}},"line":37}},"branchMap":{"0":{"loc":{"start":{"line":32,"column":8},"end":{"line":34,"column":9}},"type":"if","locations":[{"start":{"line":32,"column":8},"end":{"line":34,"column":9}},{"start":{},"end":{}}],"line":32},"1":{"loc":{"start":{"line":32,"column":12},"end":{"line":32,"column":31}},"type":"binary-expr","locations":[{"start":{"line":32,"column":12},"end":{"line":32,"column":16}},{"start":{"line":32,"column":20},"end":{"line":32,"column":31}}],"line":32},"2":{"loc":{"start":{"line":39,"column":8},"end":{"line":43,"column":9}},"type":"if","locations":[{"start":{"line":39,"column":8},"end":{"line":43,"column":9}},{"start":{"line":41,"column":15},"end":{"line":43,"column":9}}],"line":39},"3":{"loc":{"start":{"line":46,"column":4},"end":{"line":48,"column":5}},"type":"if","locations":[{"start":{"line":46,"column":4},"end":{"line":48,"column":5}},{"start":{},"end":{}}],"line":46},"4":{"loc":{"start":{"line":46,"column":8},"end":{"line":46,"column":28}},"type":"binary-expr","locations":[{"start":{"line":46,"column":8},"end":{"line":46,"column":20}},{"start":{"line":46,"column":24},"end":{"line":46,"column":28}}],"line":46},"5":{"loc":{"start":{"line":61,"column":27},"end":{"line":61,"column":57}},"type":"cond-expr","locations":[{"start":{"line":61,"column":45},"end":{"line":61,"column":52}},{"start":{"line":61,"column":55},"end":{"line":61,"column":57}}],"line":61},"6":{"loc":{"start":{"line":64,"column":13},"end":{"line":64,"column":90}},"type":"binary-expr","locations":[{"start":{"line":64,"column":13},"end":{"line":64,"column":28}},{"start":{"line":64,"column":32},"end":{"line":64,"column":90}}],"line":64},"7":{"loc":{"start":{"line":73,"column":27},"end":{"line":73,"column":57}},"type":"cond-expr","locations":[{"start":{"line":73,"column":45},"end":{"line":73,"column":52}},{"start":{"line":73,"column":55},"end":{"line":73,"column":57}}],"line":73},"8":{"loc":{"start":{"line":76,"column":13},"end":{"line":76,"column":90}},"type":"binary-expr","locations":[{"start":{"line":76,"column":13},"end":{"line":76,"column":28}},{"start":{"line":76,"column":32},"end":{"line":76,"column":90}}],"line":76},"9":{"loc":{"start":{"line":84,"column":13},"end":{"line":84,"column":68}},"type":"cond-expr","locations":[{"start":{"line":84,"column":28},"end":{"line":84,"column":49}},{"start":{"line":84,"column":52},"end":{"line":84,"column":68}}],"line":84},"10":{"loc":{"start":{"line":87,"column":13},"end":{"line":92,"column":13}},"type":"binary-expr","locations":[{"start":{"line":87,"column":13},"end":{"line":87,"column":23}},{"start":{"line":88,"column":12},"end":{"line":91,"column":18}}],"line":87}},"s":{"0":1,"1":14,"2":14,"3":14,"4":14,"5":14,"6":4,"7":0,"8":14,"9":2,"10":2,"11":1,"12":1,"13":14,"14":0,"15":14},"f":{"0":14,"1":4,"2":2},"b":{"0":[0,4],"1":[4,0],"2":[1,1],"3":[0,14],"4":[14,14],"5":[1,13],"6":[14,1],"7":[1,13],"8":[14,1],"9":[3,11],"10":[14,1]},"_coverageSchema":"1a1c01bbd47fc00a2c39e90264f33305004495a9","hash":"f48b4e0dc38de278438e9e8575b4cb37974fb828"}
}
