TN:
SF:src\components\LoadingSpinner.jsx
FN:5,LoadingSpinner
FNF:1
FNH:0
FNDA:0,LoadingSpinner
DA:6,0
LF:1
LH:0
BRDA:5,0,0,0
BRF:1
BRH:0
end_of_record
TN:
SF:src\components\Login.jsx
FN:17,Login
FN:31,(anonymous_1)
FN:37,(anonymous_2)
FNF:3
FNH:3
FNDA:14,Login
FNDA:4,(anonymous_1)
FNDA:2,(anonymous_2)
DA:12,1
DA:18,14
DA:19,14
DA:20,14
DA:26,14
DA:31,14
DA:32,4
DA:33,0
DA:37,14
DA:38,2
DA:39,2
DA:40,1
DA:42,1
DA:46,14
DA:47,0
DA:50,14
LF:16
LH:14
BRDA:32,0,0,0
BRDA:32,0,1,4
BRDA:32,1,0,4
BRDA:32,1,1,0
BRDA:39,2,0,1
BRDA:39,2,1,1
BRDA:46,3,0,0
BRDA:46,3,1,14
BRDA:46,4,0,14
BRDA:46,4,1,14
BRDA:61,5,0,1
BRDA:61,5,1,13
BRDA:64,6,0,14
BRDA:64,6,1,1
BRDA:73,7,0,1
BRDA:73,7,1,13
BRDA:76,8,0,14
BRDA:76,8,1,1
BRDA:84,9,0,3
BRDA:84,9,1,11
BRDA:87,10,0,14
BRDA:87,10,1,1
BRF:22
BRH:19
end_of_record
